<?xml version="1.0" encoding="UTF-8"?>
<!-- Generated by org.testng.reporters.JUnitReportReporter -->
<testsuite hostname="DESKTOP-A92F397" failures="0" tests="1" name="restAssureTest.RestAssure_PUT" time="4.315" errors="0" timestamp="05 Feb 2018 13:43:56 GMT" skipped="0">
  <testcase classname="restAssureTest.RestAssure_PUT" name="putTest" time="4.315"/>
</testsuite> <!-- restAssureTest.RestAssure_PUT -->
