<?xml version="1.0" encoding="UTF-8"?>
<!-- Generated by org.testng.reporters.JUnitReportReporter -->
<testsuite hostname="DESKTOP-A92F397" failures="0" tests="1" name="restAssureTest.WeatherForecastTest" time="4.022" errors="0" timestamp="05 Feb 2018 12:59:24 GMT" skipped="0">
  <testcase classname="restAssureTest.WeatherForecastTest" name="weathertest" time="4.022"/>
</testsuite> <!-- restAssureTest.WeatherForecastTest -->
